Analysis & Synthesis report for FPGAGraphics
Thu Nov 30 13:58:28 2023
Quartus Prime Version 18.1.0 Build 625 09/12/2018 SJ Lite Edition


---------------------
; Table of Contents ;
---------------------
  1. Legal Notice
  2. Analysis & Synthesis Summary
  3. Analysis & Synthesis Settings
  4. Parallel Compilation
  5. Analysis & Synthesis Source Files Read
  6. Analysis & Synthesis Resource Usage Summary
  7. Analysis & Synthesis Resource Utilization by Entity
  8. Registers Removed During Synthesis
  9. General Register Statistics
 10. Multiplexer Restructuring Statistics (Restructuring Performed)
 11. Parameter Settings for User Entity Instance: VGA_DRIVER:vga_inst
 12. Port Connectivity Checks: "VGA_DRIVER:vga_inst"
 13. Post-Synthesis Netlist Statistics for Top Partition
 14. Elapsed Time Per Partition
 15. Analysis & Synthesis Messages



----------------
; Legal Notice ;
----------------
Copyright (C) 2018  Intel Corporation. All rights reserved.
Your use of Intel Corporation's design tools, logic functions 
and other software and tools, and its AMPP partner logic 
functions, and any output files from any of the foregoing 
(including device programming or simulation files), and any 
associated documentation or information are expressly subject 
to the terms and conditions of the Intel Program License 
Subscription Agreement, the Intel Quartus Prime License Agreement,
the Intel FPGA IP License Agreement, or other applicable license
agreement, including, without limitation, that your use is for
the sole purpose of programming logic devices manufactured by
Intel and sold by Intel or its authorized distributors.  Please
refer to the applicable agreement for further details.



+-------------------------------------------------------------------------------+
; Analysis & Synthesis Summary                                                  ;
+---------------------------------+---------------------------------------------+
; Analysis & Synthesis Status     ; Successful - Thu Nov 30 13:58:28 2023       ;
; Quartus Prime Version           ; 18.1.0 Build 625 09/12/2018 SJ Lite Edition ;
; Revision Name                   ; FPGAGraphics                                ;
; Top-level Entity Name           ; FPGAGraphics                                ;
; Family                          ; Cyclone V                                   ;
; Logic utilization (in ALMs)     ; N/A                                         ;
; Total registers                 ; 39                                          ;
; Total pins                      ; 62                                          ;
; Total virtual pins              ; 0                                           ;
; Total block memory bits         ; 0                                           ;
; Total DSP Blocks                ; 0                                           ;
; Total HSSI RX PCSs              ; 0                                           ;
; Total HSSI PMA RX Deserializers ; 0                                           ;
; Total HSSI TX PCSs              ; 0                                           ;
; Total HSSI PMA TX Serializers   ; 0                                           ;
; Total PLLs                      ; 0                                           ;
; Total DLLs                      ; 0                                           ;
+---------------------------------+---------------------------------------------+


+---------------------------------------------------------------------------------------------------------------------------+
; Analysis & Synthesis Settings                                                                                             ;
+---------------------------------------------------------------------------------+--------------------+--------------------+
; Option                                                                          ; Setting            ; Default Value      ;
+---------------------------------------------------------------------------------+--------------------+--------------------+
; Device                                                                          ; 5CSXFC6D6F31C6     ;                    ;
; Top-level entity name                                                           ; FPGAGraphics       ; FPGAGraphics       ;
; Family name                                                                     ; Cyclone V          ; Cyclone V          ;
; Maximum processors allowed for parallel compilation                             ; All                ;                    ;
; VHDL Show LMF Mapping Messages                                                  ; Off                ;                    ;
; Verilog Show LMF Mapping Messages                                               ; Off                ;                    ;
; Verilog Version                                                                 ; SystemVerilog_2005 ; Verilog_2001       ;
; VHDL Version                                                                    ; VHDL_2008          ; VHDL_1993          ;
; Use smart compilation                                                           ; Off                ; Off                ;
; Enable parallel Assembler and Timing Analyzer during compilation                ; On                 ; On                 ;
; Enable compact report table                                                     ; Off                ; Off                ;
; Restructure Multiplexers                                                        ; Auto               ; Auto               ;
; MLAB Add Timing Constraints For Mixed-Port Feed-Through Mode Setting Don't Care ; Off                ; Off                ;
; Create Debugging Nodes for IP Cores                                             ; Off                ; Off                ;
; Preserve fewer node names                                                       ; On                 ; On                 ;
; Intel FPGA IP Evaluation Mode                                                   ; Enable             ; Enable             ;
; State Machine Processing                                                        ; Auto               ; Auto               ;
; Safe State Machine                                                              ; Off                ; Off                ;
; Extract Verilog State Machines                                                  ; On                 ; On                 ;
; Extract VHDL State Machines                                                     ; On                 ; On                 ;
; Ignore Verilog initial constructs                                               ; Off                ; Off                ;
; Iteration limit for constant Verilog loops                                      ; 5000               ; 5000               ;
; Iteration limit for non-constant Verilog loops                                  ; 250                ; 250                ;
; Add Pass-Through Logic to Inferred RAMs                                         ; On                 ; On                 ;
; Infer RAMs from Raw Logic                                                       ; On                 ; On                 ;
; Parallel Synthesis                                                              ; On                 ; On                 ;
; DSP Block Balancing                                                             ; Auto               ; Auto               ;
; NOT Gate Push-Back                                                              ; On                 ; On                 ;
; Power-Up Don't Care                                                             ; On                 ; On                 ;
; Remove Redundant Logic Cells                                                    ; Off                ; Off                ;
; Remove Duplicate Registers                                                      ; On                 ; On                 ;
; Ignore CARRY Buffers                                                            ; Off                ; Off                ;
; Ignore CASCADE Buffers                                                          ; Off                ; Off                ;
; Ignore GLOBAL Buffers                                                           ; Off                ; Off                ;
; Ignore ROW GLOBAL Buffers                                                       ; Off                ; Off                ;
; Ignore LCELL Buffers                                                            ; Off                ; Off                ;
; Ignore SOFT Buffers                                                             ; On                 ; On                 ;
; Limit AHDL Integers to 32 Bits                                                  ; Off                ; Off                ;
; Optimization Technique                                                          ; Balanced           ; Balanced           ;
; Carry Chain Length                                                              ; 70                 ; 70                 ;
; Auto Carry Chains                                                               ; On                 ; On                 ;
; Auto Open-Drain Pins                                                            ; On                 ; On                 ;
; Perform WYSIWYG Primitive Resynthesis                                           ; Off                ; Off                ;
; Auto ROM Replacement                                                            ; On                 ; On                 ;
; Auto RAM Replacement                                                            ; On                 ; On                 ;
; Auto DSP Block Replacement                                                      ; On                 ; On                 ;
; Auto Shift Register Replacement                                                 ; Auto               ; Auto               ;
; Allow Shift Register Merging across Hierarchies                                 ; Auto               ; Auto               ;
; Auto Clock Enable Replacement                                                   ; On                 ; On                 ;
; Strict RAM Replacement                                                          ; Off                ; Off                ;
; Allow Synchronous Control Signals                                               ; On                 ; On                 ;
; Force Use of Synchronous Clear Signals                                          ; Off                ; Off                ;
; Auto Resource Sharing                                                           ; Off                ; Off                ;
; Allow Any RAM Size For Recognition                                              ; Off                ; Off                ;
; Allow Any ROM Size For Recognition                                              ; Off                ; Off                ;
; Allow Any Shift Register Size For Recognition                                   ; Off                ; Off                ;
; Use LogicLock Constraints during Resource Balancing                             ; On                 ; On                 ;
; Ignore translate_off and synthesis_off directives                               ; Off                ; Off                ;
; Timing-Driven Synthesis                                                         ; On                 ; On                 ;
; Report Parameter Settings                                                       ; On                 ; On                 ;
; Report Source Assignments                                                       ; On                 ; On                 ;
; Report Connectivity Checks                                                      ; On                 ; On                 ;
; Ignore Maximum Fan-Out Assignments                                              ; Off                ; Off                ;
; Synchronization Register Chain Length                                           ; 3                  ; 3                  ;
; Power Optimization During Synthesis                                             ; Normal compilation ; Normal compilation ;
; HDL message level                                                               ; Level2             ; Level2             ;
; Suppress Register Optimization Related Messages                                 ; Off                ; Off                ;
; Number of Removed Registers Reported in Synthesis Report                        ; 5000               ; 5000               ;
; Number of Swept Nodes Reported in Synthesis Report                              ; 5000               ; 5000               ;
; Number of Inverted Registers Reported in Synthesis Report                       ; 100                ; 100                ;
; Clock MUX Protection                                                            ; On                 ; On                 ;
; Auto Gated Clock Conversion                                                     ; Off                ; Off                ;
; Block Design Naming                                                             ; Auto               ; Auto               ;
; SDC constraint protection                                                       ; Off                ; Off                ;
; Synthesis Effort                                                                ; Auto               ; Auto               ;
; Shift Register Replacement - Allow Asynchronous Clear Signal                    ; On                 ; On                 ;
; Pre-Mapping Resynthesis Optimization                                            ; Off                ; Off                ;
; Analysis & Synthesis Message Level                                              ; Medium             ; Medium             ;
; Disable Register Merging Across Hierarchies                                     ; Auto               ; Auto               ;
; Resource Aware Inference For Block RAM                                          ; On                 ; On                 ;
; Automatic Parallel Synthesis                                                    ; On                 ; On                 ;
; Partial Reconfiguration Bitstream ID                                            ; Off                ; Off                ;
+---------------------------------------------------------------------------------+--------------------+--------------------+


+------------------------------------------+
; Parallel Compilation                     ;
+----------------------------+-------------+
; Processors                 ; Number      ;
+----------------------------+-------------+
; Number detected on machine ; 4           ;
; Maximum allowed            ; 4           ;
;                            ;             ;
; Average used               ; 1.00        ;
; Maximum used               ; 4           ;
;                            ;             ;
; Usage by Processor         ; % Time Used ;
;     Processor 1            ; 100.0%      ;
;     Processors 2-4         ;   0.0%      ;
+----------------------------+-------------+


+------------------------------------------------------------------------------------------------------------------------------------------------+
; Analysis & Synthesis Source Files Read                                                                                                         ;
+----------------------------------+-----------------+------------------------------+--------------------------------------------------+---------+
; File Name with User-Entered Path ; Used in Netlist ; File Type                    ; File Name with Absolute Path                     ; Library ;
+----------------------------------+-----------------+------------------------------+--------------------------------------------------+---------+
; FPGAGraphics.sv                  ; yes             ; User SystemVerilog HDL File  ; /home/soc/Documents/Tutorial_SOC/FPGAGraphics.sv ;         ;
; VGA_DRIVER.sv                    ; yes             ; User SystemVerilog HDL File  ; /home/soc/Documents/Tutorial_SOC/VGA_DRIVER.sv   ;         ;
+----------------------------------+-----------------+------------------------------+--------------------------------------------------+---------+


+----------------------------------------------------------+
; Analysis & Synthesis Resource Usage Summary              ;
+---------------------------------------------+------------+
; Resource                                    ; Usage      ;
+---------------------------------------------+------------+
; Estimate of Logic utilization (ALMs needed) ; 27         ;
;                                             ;            ;
; Combinational ALUT usage for logic          ; 47         ;
;     -- 7 input functions                    ; 0          ;
;     -- 6 input functions                    ; 6          ;
;     -- 5 input functions                    ; 14         ;
;     -- 4 input functions                    ; 2          ;
;     -- <=3 input functions                  ; 25         ;
;                                             ;            ;
; Dedicated logic registers                   ; 39         ;
;                                             ;            ;
; I/O pins                                    ; 62         ;
;                                             ;            ;
; Total DSP Blocks                            ; 0          ;
;                                             ;            ;
; Maximum fan-out node                        ; clk_pix_25 ;
; Maximum fan-out                             ; 25         ;
; Total fan-out                               ; 371        ;
; Average fan-out                             ; 1.77       ;
+---------------------------------------------+------------+


+-------------------------------------------------------------------------------------------------------------------------------------------------------------------------------------------------------+
; Analysis & Synthesis Resource Utilization by Entity                                                                                                                                                   ;
+----------------------------+---------------------+---------------------------+-------------------+------------+------+--------------+-----------------------------------+--------------+--------------+
; Compilation Hierarchy Node ; Combinational ALUTs ; Dedicated Logic Registers ; Block Memory Bits ; DSP Blocks ; Pins ; Virtual Pins ; Full Hierarchy Name               ; Entity Name  ; Library Name ;
+----------------------------+---------------------+---------------------------+-------------------+------------+------+--------------+-----------------------------------+--------------+--------------+
; |FPGAGraphics              ; 47 (2)              ; 39 (4)                    ; 0                 ; 0          ; 62   ; 0            ; |FPGAGraphics                     ; FPGAGraphics ; work         ;
;    |VGA_DRIVER:vga_inst|   ; 45 (45)             ; 35 (35)                   ; 0                 ; 0          ; 0    ; 0            ; |FPGAGraphics|VGA_DRIVER:vga_inst ; VGA_DRIVER   ; work         ;
+----------------------------+---------------------+---------------------------+-------------------+------------+------+--------------+-----------------------------------+--------------+--------------+
Note: For table entries with two numbers listed, the numbers in parentheses indicate the number of resources of the given type used by the specific entity alone. The numbers listed outside of parentheses indicate the total resources of the given type used by the specific entity and all of its sub-entities in the hierarchy.


+---------------------------------------------------------------------------------+
; Registers Removed During Synthesis                                              ;
+----------------------------------------+----------------------------------------+
; Register name                          ; Reason for Removal                     ;
+----------------------------------------+----------------------------------------+
; VGA_DRIVER:vga_inst|VGA_R[4..7]        ; Stuck at GND due to stuck port data_in ;
; VGA_DRIVER:vga_inst|VGA_G[4..7]        ; Stuck at GND due to stuck port data_in ;
; VGA_DRIVER:vga_inst|VGA_B[3..7]        ; Stuck at GND due to stuck port data_in ;
; Total Number of Removed Registers = 13 ;                                        ;
+----------------------------------------+----------------------------------------+


+------------------------------------------------------+
; General Register Statistics                          ;
+----------------------------------------------+-------+
; Statistic                                    ; Value ;
+----------------------------------------------+-------+
; Total registers                              ; 39    ;
; Number of registers using Synchronous Clear  ; 30    ;
; Number of registers using Synchronous Load   ; 0     ;
; Number of registers using Asynchronous Clear ; 0     ;
; Number of registers using Asynchronous Load  ; 0     ;
; Number of registers using Clock Enable       ; 0     ;
; Number of registers using Preset             ; 0     ;
+----------------------------------------------+-------+


+----------------------------------------------------------------------------------------------------------------------------------------------------------+
; Multiplexer Restructuring Statistics (Restructuring Performed)                                                                                           ;
+--------------------+-----------+---------------+----------------------+------------------------+------------+--------------------------------------------+
; Multiplexer Inputs ; Bus Width ; Baseline Area ; Area if Restructured ; Saving if Restructured ; Registered ; Example Multiplexer Output                 ;
+--------------------+-----------+---------------+----------------------+------------------------+------------+--------------------------------------------+
; 3:1                ; 8 bits    ; 16 LEs        ; 8 LEs                ; 8 LEs                  ; Yes        ; |FPGAGraphics|VGA_DRIVER:vga_inst|VGA_R[1] ;
+--------------------+-----------+---------------+----------------------+------------------------+------------+--------------------------------------------+


+------------------------------------------------------------------+
; Parameter Settings for User Entity Instance: VGA_DRIVER:vga_inst ;
+----------------+-------+-----------------------------------------+
; Parameter Name ; Value ; Type                                    ;
+----------------+-------+-----------------------------------------+
; H_FRONT        ; 16    ; Signed Integer                          ;
; H_SYNC         ; 96    ; Signed Integer                          ;
; H_BACK         ; 48    ; Signed Integer                          ;
; H_ACT          ; 640   ; Signed Integer                          ;
; H_BLANK        ; 160   ; Signed Integer                          ;
; H_TOTAL        ; 800   ; Signed Integer                          ;
; V_FRONT        ; 10    ; Signed Integer                          ;
; V_SYNC         ; 2     ; Signed Integer                          ;
; V_BACK         ; 33    ; Signed Integer                          ;
; V_ACT          ; 480   ; Signed Integer                          ;
; V_BLANK        ; 45    ; Signed Integer                          ;
; V_TOTAL        ; 525   ; Signed Integer                          ;
+----------------+-------+-----------------------------------------+
Note: In order to hide this table in the UI and the text report file, please set the "Show Parameter Settings in Synthesis Report" option in "Analysis and Synthesis Settings -> More Settings" to "Off".


+-------------------------------------------------+
; Port Connectivity Checks: "VGA_DRIVER:vga_inst" ;
+------------+-------+----------+-----------------+
; Port       ; Type  ; Severity ; Details         ;
+------------+-------+----------+-----------------+
; clk_locked ; Input ; Info     ; Stuck at GND    ;
+------------+-------+----------+-----------------+


+-----------------------------------------------------+
; Post-Synthesis Netlist Statistics for Top Partition ;
+-----------------------+-----------------------------+
; Type                  ; Count                       ;
+-----------------------+-----------------------------+
; arriav_ff             ; 39                          ;
;     SCLR              ; 30                          ;
;     plain             ; 9                           ;
; arriav_lcell_comb     ; 50                          ;
;     arith             ; 22                          ;
;         1 data inputs ; 22                          ;
;     normal            ; 28                          ;
;         0 data inputs ; 2                           ;
;         1 data inputs ; 3                           ;
;         3 data inputs ; 1                           ;
;         4 data inputs ; 2                           ;
;         5 data inputs ; 14                          ;
;         6 data inputs ; 6                           ;
; boundary_port         ; 62                          ;
;                       ;                             ;
; Max LUT depth         ; 3.00                        ;
; Average LUT depth     ; 1.75                        ;
+-----------------------+-----------------------------+


+-------------------------------+
; Elapsed Time Per Partition    ;
+----------------+--------------+
; Partition Name ; Elapsed Time ;
+----------------+--------------+
; Top            ; 00:00:00     ;
+----------------+--------------+


+-------------------------------+
; Analysis & Synthesis Messages ;
+-------------------------------+
Info: *******************************************************************
Info: Running Quartus Prime Analysis & Synthesis
    Info: Version 18.1.0 Build 625 09/12/2018 SJ Lite Edition
    Info: Processing started: Thu Nov 30 13:58:19 2023
Info: Command: quartus_map --read_settings_files=on --write_settings_files=off FPGAGraphics -c FPGAGraphics
Info (20030): Parallel compilation is enabled and will use 4 of the 4 processors detected
Info (12021): Found 1 design units, including 1 entities, in source file VGA_Ctrl.v
    Info (12023): Found entity 1: VGA_Ctrl File: /home/soc/Documents/Tutorial_SOC/VGA_Ctrl.v Line: 1
Info (12021): Found 1 design units, including 1 entities, in source file PLL75_50/PLL75_50_0002.v
    Info (12023): Found entity 1: PLL75_50_0002 File: /home/soc/Documents/Tutorial_SOC/PLL75_50/PLL75_50_0002.v Line: 2
Info (12021): Found 1 design units, including 1 entities, in source file PLL75_50.v
    Info (12023): Found entity 1: PLL75_50 File: /home/soc/Documents/Tutorial_SOC/PLL75_50.v Line: 8
Info (12021): Found 1 design units, including 1 entities, in source file FPGAGraphics.sv
    Info (12023): Found entity 1: FPGAGraphics File: /home/soc/Documents/Tutorial_SOC/FPGAGraphics.sv Line: 2
Info (12021): Found 1 design units, including 1 entities, in source file PixelClock.sv
    Info (12023): Found entity 1: clock_480p File: /home/soc/Documents/Tutorial_SOC/PixelClock.sv Line: 10
Info (12021): Found 1 design units, including 1 entities, in source file VGA_DRIVER.sv
    Info (12023): Found entity 1: VGA_DRIVER File: /home/soc/Documents/Tutorial_SOC/VGA_DRIVER.sv Line: 1
Info (12021): Found 1 design units, including 1 entities, in source file simple_480p.sv
    Info (12023): Found entity 1: simple_480p File: /home/soc/Documents/Tutorial_SOC/simple_480p.sv Line: 8
Info (12021): Found 1 design units, including 1 entities, in source file PLL75_50.v
    Info (12023): Found entity 1: PLL75_50 File: /home/soc/Documents/Tutorial_SOC/PLL75_50.v Line: 8
Info (12021): Found 1 design units, including 1 entities, in source file PLL75_50/PLL75_50_0002.v
    Info (12023): Found entity 1: PLL75_50_0002 File: /home/soc/Documents/Tutorial_SOC/PLL75_50/PLL75_50_0002.v Line: 2
Info (12127): Elaborating entity "FPGAGraphics" for the top level hierarchy
Warning (10030): Net "clk_pix_locked" at FPGAGraphics.sv(24) has no driver or initial value, using a default initial value '0' File: /home/soc/Documents/Tutorial_SOC/FPGAGraphics.sv Line: 24
Warning (10034): Output port "LEDR[8..3]" at FPGAGraphics.sv(14) has no driver File: /home/soc/Documents/Tutorial_SOC/FPGAGraphics.sv Line: 14
Info (12128): Elaborating entity "VGA_DRIVER" for hierarchy "VGA_DRIVER:vga_inst" File: /home/soc/Documents/Tutorial_SOC/FPGAGraphics.sv Line: 70
Warning (10036): Verilog HDL or VHDL warning at VGA_DRIVER.sv(20): object "Address" assigned a value but never read File: /home/soc/Documents/Tutorial_SOC/VGA_DRIVER.sv Line: 20
Warning (10230): Verilog HDL assignment warning at VGA_DRIVER.sv(44): truncated value with size 32 to match size of target (22) File: /home/soc/Documents/Tutorial_SOC/VGA_DRIVER.sv Line: 44
Warning (10230): Verilog HDL assignment warning at VGA_DRIVER.sv(45): truncated value with size 32 to match size of target (11) File: /home/soc/Documents/Tutorial_SOC/VGA_DRIVER.sv Line: 45
Warning (10230): Verilog HDL assignment warning at VGA_DRIVER.sv(46): truncated value with size 32 to match size of target (11) File: /home/soc/Documents/Tutorial_SOC/VGA_DRIVER.sv Line: 46
Warning (13024): Output pins are stuck at VCC or GND
    Warning (13410): Pin "VGA_SYNC_N" is stuck at VCC File: /home/soc/Documents/Tutorial_SOC/FPGAGraphics.sv Line: 7
    Warning (13410): Pin "VGA_R[4]" is stuck at GND File: /home/soc/Documents/Tutorial_SOC/FPGAGraphics.sv Line: 10
    Warning (13410): Pin "VGA_R[5]" is stuck at GND File: /home/soc/Documents/Tutorial_SOC/FPGAGraphics.sv Line: 10
    Warning (13410): Pin "VGA_R[6]" is stuck at GND File: /home/soc/Documents/Tutorial_SOC/FPGAGraphics.sv Line: 10
    Warning (13410): Pin "VGA_R[7]" is stuck at GND File: /home/soc/Documents/Tutorial_SOC/FPGAGraphics.sv Line: 10
    Warning (13410): Pin "VGA_G[4]" is stuck at GND File: /home/soc/Documents/Tutorial_SOC/FPGAGraphics.sv Line: 11
    Warning (13410): Pin "VGA_G[5]" is stuck at GND File: /home/soc/Documents/Tutorial_SOC/FPGAGraphics.sv Line: 11
    Warning (13410): Pin "VGA_G[6]" is stuck at GND File: /home/soc/Documents/Tutorial_SOC/FPGAGraphics.sv Line: 11
    Warning (13410): Pin "VGA_G[7]" is stuck at GND File: /home/soc/Documents/Tutorial_SOC/FPGAGraphics.sv Line: 11
    Warning (13410): Pin "VGA_B[3]" is stuck at GND File: /home/soc/Documents/Tutorial_SOC/FPGAGraphics.sv Line: 12
    Warning (13410): Pin "VGA_B[4]" is stuck at GND File: /home/soc/Documents/Tutorial_SOC/FPGAGraphics.sv Line: 12
    Warning (13410): Pin "VGA_B[5]" is stuck at GND File: /home/soc/Documents/Tutorial_SOC/FPGAGraphics.sv Line: 12
    Warning (13410): Pin "VGA_B[6]" is stuck at GND File: /home/soc/Documents/Tutorial_SOC/FPGAGraphics.sv Line: 12
    Warning (13410): Pin "VGA_B[7]" is stuck at GND File: /home/soc/Documents/Tutorial_SOC/FPGAGraphics.sv Line: 12
    Warning (13410): Pin "LEDR[3]" is stuck at GND File: /home/soc/Documents/Tutorial_SOC/FPGAGraphics.sv Line: 14
    Warning (13410): Pin "LEDR[4]" is stuck at GND File: /home/soc/Documents/Tutorial_SOC/FPGAGraphics.sv Line: 14
    Warning (13410): Pin "LEDR[5]" is stuck at GND File: /home/soc/Documents/Tutorial_SOC/FPGAGraphics.sv Line: 14
    Warning (13410): Pin "LEDR[6]" is stuck at GND File: /home/soc/Documents/Tutorial_SOC/FPGAGraphics.sv Line: 14
    Warning (13410): Pin "LEDR[7]" is stuck at GND File: /home/soc/Documents/Tutorial_SOC/FPGAGraphics.sv Line: 14
    Warning (13410): Pin "LEDR[8]" is stuck at GND File: /home/soc/Documents/Tutorial_SOC/FPGAGraphics.sv Line: 14
Info (286030): Timing-Driven Synthesis is running
Warning (20013): Ignored 16 assignments for entity "PLL75_50" -- entity does not exist in design
    Warning (20014): Assignment for entity set_global_assignment -name IP_TOOL_NAME altera_pll -entity PLL75_50 -sip PLL75_50.sip -library lib_PLL75_50 was ignored
    Warning (20014): Assignment for entity set_global_assignment -name IP_TOOL_VERSION 18.1 -entity PLL75_50 -sip PLL75_50.sip -library lib_PLL75_50 was ignored
    Warning (20014): Assignment for entity set_global_assignment -name IP_TOOL_ENV mwpim -entity PLL75_50 -sip PLL75_50.sip -library lib_PLL75_50 was ignored
Warning (20013): Ignored 317 assignments for entity "PLL75_50_0002" -- entity does not exist in design
Info (16010): Generating hard_block partition "hard_block:auto_generated_inst"
    Info (16011): Adding 0 node(s), including 0 DDIO, 0 PLL, 0 transceiver and 0 LCELL
Warning (21074): Design contains 1 input pin(s) that do not drive logic
    Warning (15610): No output dependent on input pin "rst" File: /home/soc/Documents/Tutorial_SOC/FPGAGraphics.sv Line: 4
Info (21057): Implemented 113 device resources after synthesis - the final resource count might be different
    Info (21058): Implemented 2 input pins
    Info (21059): Implemented 60 output pins
    Info (21061): Implemented 51 logic cells
Info: Quartus Prime Analysis & Synthesis was successful. 0 errors, 34 warnings
    Info: Peak virtual memory: 1044 megabytes
    Info: Processing ended: Thu Nov 30 13:58:28 2023
    Info: Elapsed time: 00:00:09
    Info: Total CPU time (on all processors): 00:00:17


